<?xml version="1.0" encoding="UTF-8"?>
<!-- Generated by org.testng.reporters.JUnitReportReporter -->
<testsuite hostname="PriyaP-PC" failures="0" tests="1" name="MasterTest.LocationTest" time="12.329" errors="0" timestamp="2025-09-24T15:23:45 PDT" skipped="0">
  <testcase classname="MasterTest.LocationTest" name="TS0008" time="12.329"/>
</testsuite> <!-- MasterTest.LocationTest -->
