<?xml version="1.0" encoding="UTF-8"?>
<!-- Generated by org.testng.reporters.JUnitReportReporter -->
<testsuite hostname="PriyaP-PC" failures="0" tests="1" name="MasterTest.OrganizationTest" time="5.823" errors="0" timestamp="2025-10-30T10:55:32 IST" skipped="0">
  <testcase classname="MasterTest.OrganizationTest" name="TS0028" time="5.823"/>
</testsuite> <!-- MasterTest.OrganizationTest -->
