<?xml version="1.0" encoding="UTF-8"?>
<!-- Generated by org.testng.reporters.JUnitReportReporter -->
<testsuite hostname="PriyaP-PC" failures="0" tests="1" name="MasterTest.DepartmentTest" time="1.580" errors="0" timestamp="2025-11-01T12:45:59 IST" skipped="0">
  <testcase classname="MasterTest.DepartmentTest" name="TS0047" time="1.580"/>
</testsuite> <!-- MasterTest.DepartmentTest -->
