<?xml version="1.0" encoding="UTF-8"?>
<!-- Generated by org.testng.reporters.JUnitReportReporter -->
<testsuite hostname="PriyaP-PC" failures="0" tests="1" name="MasterTest.DivisionTest" time="4.991" errors="0" timestamp="2025-10-30T16:00:29 IST" skipped="0">
  <testcase classname="MasterTest.DivisionTest" name="TS0033" time="4.991"/>
</testsuite> <!-- MasterTest.DivisionTest -->
