<?xml version="1.0" encoding="UTF-8"?>
<!-- Generated by org.testng.reporters.JUnitReportReporter -->
<testsuite hostname="PriyaP-PC" failures="0" tests="1" name="MasterTest.DivisionTest" time="8.485" errors="0" timestamp="2025-10-30T16:43:16 IST" skipped="0">
  <testcase classname="MasterTest.DivisionTest" name="TS0036" time="8.485"/>
</testsuite> <!-- MasterTest.DivisionTest -->
