<?xml version="1.0" encoding="UTF-8"?>
<!-- Generated by org.testng.reporters.JUnitReportReporter -->
<testsuite hostname="PriyaP-PC" failures="0" tests="1" name="LoginTest.LoginTest" time="0.279" errors="0" timestamp="2025-09-20T15:54:57 PDT" skipped="0">
  <testcase classname="LoginTest.LoginTest" name="testLogin" time="0.279"/>
</testsuite> <!-- LoginTest.LoginTest -->
