<?xml version="1.0" encoding="UTF-8"?>
<!-- Generated by org.testng.reporters.JUnitReportReporter -->
<testsuite hostname="PriyaP-PC" failures="0" tests="1" name="MasterTest.OrganizationTest" time="13.490" errors="0" timestamp="2025-10-16T17:20:15 IST" skipped="0">
  <testcase classname="MasterTest.OrganizationTest" name="AddOrganization" time="13.490"/>
</testsuite> <!-- MasterTest.OrganizationTest -->
