<?xml version="1.0" encoding="UTF-8"?>
<!-- Generated by org.testng.reporters.JUnitReportReporter -->
<testsuite hostname="PriyaP-PC" failures="0" tests="1" name="MasterTest.OrganizationTest" time="12.150" errors="0" timestamp="2025-10-24T15:59:24 IST" skipped="0">
  <testcase classname="MasterTest.OrganizationTest" name="TS0023" time="12.150"/>
</testsuite> <!-- MasterTest.OrganizationTest -->
